== Activating: file_watcher
== Activating: front_matter
== Activating: data
== Activating: inline_url_rewriter
== Activating: sitemap_ondisk
== Activating: sitemap_import
== Activating: sitemap_endpoint
== Activating: sitemap_proxies
== Activating: sitemap_redirects
== Activating: sitemap_move_files
== Activating: sitemap_ignore
== Activating: external_helpers
== Activating: erb_renderer
== Activating: coffee_renderer
== Activating: haml_renderer
== Activating: sass_renderer
== Activating: markdown_renderer
== Failed Activation `liquid_renderer` : cannot load such file -- liquid
== Failed Activation `slim_renderer` : cannot load such file -- slim
== Activating: less_renderer
== Activating: default_helpers
== Activating: lorem
== Activating: routing
== Activating: collections
== Change (#<Set: {:source}>): index.html.erb
== Change (#<Set: {:source}>): images/wallpap.jpeg
== Change (#<Set: {:source}>): images/mismatch.ico
== Change (#<Set: {:source}>): images/draftr/feature1.png
== Change (#<Set: {:source}>): images/draftr/feature3.png
== Change (#<Set: {:source}>): images/draftr/feature2.png
== Change (#<Set: {:source}>): images/draftr/feature4.png
== Change (#<Set: {:source}>): images/draftr/showcase.png
== Change (#<Set: {:source}>): images/draftr/favicon.png
== Change (#<Set: {:source}>): images/draftr/logo.svg
== Change (#<Set: {:source}>): images/draftr/hero3.png
== Change (#<Set: {:source}>): images/draftr/hero2.jpg
== Change (#<Set: {:source}>): images/draftr/hero1.jpg
== Change (#<Set: {:source}>): images/js1.png
== Change (#<Set: {:source}>): images/js.png
== Change (#<Set: {:source}>): images/congen/ralf-gabler.jpg
== Change (#<Set: {:source}>): images/congen/jannik-lindner.jpg
== Change (#<Set: {:source}>): images/congen/pilar.jpg
== Change (#<Set: {:source}>): images/congen/contentin-plan.png
== Change (#<Set: {:source}>): images/congen/contentin-write.png
== Change (#<Set: {:source}>): images/congen/logo.svg
== Change (#<Set: {:source}>): images/.keep
== Change (#<Set: {:source}>): images/golang.png
== Change (#<Set: {:source}>): images/logo.png
== Change (#<Set: {:source}>): images/clojure.png
== Change (#<Set: {:source}>): images/rails.png
== Change (#<Set: {:source}>): images/nodejs.png
== Change (#<Set: {:source}>): layouts/layout.erb
== Change (#<Set: {:source}>): javascripts/javascript.fullPage.min.js
== Change (#<Set: {:source}>): javascripts/bootstrap.min.js
== Change (#<Set: {:source}>): javascripts/sine-waves.min.js
== Change (#<Set: {:source}>): fonts/avenir-lt.ttf
== Change (#<Set: {:source}>): fonts/Intro.otf
== Change (#<Set: {:source}>): pages/google69818aa568821ebc.html
== Change (#<Set: {:source}>): themes/codemismatch/README.md
== Change (#<Set: {:source, :no_frontmatter}>): themes/codemismatch/layouts/_layout.html.erb
== Change (#<Set: {:source}>): themes/codemismatch/javascripts/custom.js
== Change (#<Set: {:source}>): themes/codemismatch/javascripts/main.js
== Change (#<Set: {:source}>): themes/codemismatch/stylesheets/style.css
== Change (#<Set: {:source, :no_frontmatter}>): themes/symphony/layouts/_nav.html.haml
== Change (#<Set: {:source, :no_frontmatter}>): themes/symphony/layouts/_footer.html.haml
== Change (#<Set: {:source}>): themes/symphony/javascripts/custom.js
== Change (#<Set: {:source, :no_frontmatter}>): themes/symphony/pages/_slide1.html.haml
== Change (#<Set: {:source, :no_frontmatter}>): themes/symphony/pages/_home.html.haml
== Change (#<Set: {:source, :no_frontmatter}>): themes/symphony/pages/_contact.html.haml
== Change (#<Set: {:source, :no_frontmatter}>): themes/symphony/pages/_slide3.html.haml
== Change (#<Set: {:source, :no_frontmatter}>): themes/symphony/pages/_reason.html.haml
== Change (#<Set: {:source, :no_frontmatter}>): themes/symphony/pages/_slide2.html.haml
== Change (#<Set: {:source}>): themes/symphony/stylesheets/style.css
== Change (#<Set: {:source}>): themes/draftr/images/wallpap.jpeg
== Change (#<Set: {:source, :no_frontmatter}>): themes/draftr/layouts/_nav.html.haml
== Change (#<Set: {:source, :no_frontmatter}>): themes/draftr/layouts/_footer.html.haml
== Change (#<Set: {:source}>): themes/draftr/javascripts/custom.js
== Change (#<Set: {:source, :no_frontmatter}>): themes/draftr/pages/_tech.html.haml
== Change (#<Set: {:source, :no_frontmatter}>): themes/draftr/pages/_services.html.haml
== Change (#<Set: {:source, :no_frontmatter}>): themes/draftr/pages/_home.html.haml
== Change (#<Set: {:source, :no_frontmatter}>): themes/draftr/pages/_contact.html.haml
== Change (#<Set: {:source, :no_frontmatter}>): themes/draftr/pages/_reason.html.haml
== Change (#<Set: {:source}>): themes/draftr/stylesheets/style.css
== Change (#<Set: {:source, :no_frontmatter}>): themes/congen/layouts/_nav.html.haml
== Change (#<Set: {:source, :no_frontmatter}>): themes/congen/layouts/_footer.html.haml
== Change (#<Set: {:source}>): themes/congen/javascripts/custom.js
== Change (#<Set: {:source, :no_frontmatter}>): themes/congen/pages/_tech.html.haml
== Change (#<Set: {:source, :no_frontmatter}>): themes/congen/pages/_services.html.haml
== Change (#<Set: {:source, :no_frontmatter}>): themes/congen/pages/_feature.html.haml
== Change (#<Set: {:source, :no_frontmatter}>): themes/congen/pages/_home.html.haml
== Change (#<Set: {:source, :no_frontmatter}>): themes/congen/pages/_contact.html.haml
== Change (#<Set: {:source, :no_frontmatter}>): themes/congen/pages/_reason.html.haml
== Change (#<Set: {:source}>): themes/congen/stylesheets/style.css
== Change (#<Set: {:source}>): stylesheets/bootstrap.min.css
== Change (#<Set: {:source}>): stylesheets/javascript.fullPage.css
== Change (#<Set: {:source}>): stylesheets/animate.min.css
== Rebuilding resource list
== Reading: Local config: config.rb
== Activating: autoprefixer
== Requesting resource list rebuilding: first_run_change_page
== Requesting resource list rebuilding: first_run_change_page
== Requesting resource list rebuilding: first_run_change_page
== Requesting resource list rebuilding: first_run_change_page
== Activating: minify_css
== Activating: minify_javascript
== Activating: minify_html
Loaded extensions:
== Extension: file_watcher
== Extension: front_matter
== Extension: data
== Extension: inline_url_rewriter
== Extension: sitemap_ondisk
== Extension: sitemap_import
== Extension: sitemap_endpoint
== Extension: sitemap_proxies
== Extension: sitemap_redirects
== Extension: sitemap_move_files
== Extension: sitemap_ignore
== Extension: external_helpers
== Extension: erb_renderer
== Extension: coffee_renderer
== Extension: haml_renderer
== Extension: sass_renderer
== Extension: markdown_renderer
== Extension: less_renderer
== Extension: default_helpers
== Extension: lorem
== Extension: routing
== Extension: collections
== Extension: autoprefixer
== Extension: minify_css
== Extension: minify_javascript
== Extension: minify_html
== Change (#<Set: {:source}>): index.html.erb
== Change (#<Set: {:source}>): images/wallpap.jpeg
== Change (#<Set: {:source}>): images/mismatch.ico
== Change (#<Set: {:source}>): images/draftr/feature1.png
== Change (#<Set: {:source}>): images/draftr/feature3.png
== Change (#<Set: {:source}>): images/draftr/feature2.png
== Change (#<Set: {:source}>): images/draftr/feature4.png
== Change (#<Set: {:source}>): images/draftr/showcase.png
== Change (#<Set: {:source}>): images/draftr/favicon.png
== Change (#<Set: {:source}>): images/draftr/logo.svg
== Change (#<Set: {:source}>): images/draftr/hero3.png
== Change (#<Set: {:source}>): images/draftr/hero2.jpg
== Change (#<Set: {:source}>): images/draftr/hero1.jpg
== Change (#<Set: {:source}>): images/js1.png
== Change (#<Set: {:source}>): images/js.png
== Change (#<Set: {:source}>): images/congen/ralf-gabler.jpg
== Change (#<Set: {:source}>): images/congen/jannik-lindner.jpg
== Change (#<Set: {:source}>): images/congen/pilar.jpg
== Change (#<Set: {:source}>): images/congen/contentin-plan.png
== Change (#<Set: {:source}>): images/congen/contentin-write.png
== Change (#<Set: {:source}>): images/congen/logo.svg
== Change (#<Set: {:source}>): images/.keep
== Change (#<Set: {:source}>): images/golang.png
== Change (#<Set: {:source}>): images/logo.png
== Change (#<Set: {:source}>): images/clojure.png
== Change (#<Set: {:source}>): images/rails.png
== Change (#<Set: {:source}>): images/nodejs.png
== Change (#<Set: {:source}>): layouts/layout.erb
== Change (#<Set: {:source}>): javascripts/javascript.fullPage.min.js
== Change (#<Set: {:source}>): javascripts/bootstrap.min.js
== Change (#<Set: {:source}>): javascripts/sine-waves.min.js
== Change (#<Set: {:source}>): fonts/avenir-lt.ttf
== Change (#<Set: {:source}>): fonts/Intro.otf
== Change (#<Set: {:source}>): pages/google69818aa568821ebc.html
== Change (#<Set: {:source}>): themes/codemismatch/README.md
== Change (#<Set: {:source, :no_frontmatter}>): themes/codemismatch/layouts/_layout.html.erb
== Change (#<Set: {:source}>): themes/codemismatch/javascripts/custom.js
== Change (#<Set: {:source}>): themes/codemismatch/javascripts/main.js
== Change (#<Set: {:source}>): themes/codemismatch/stylesheets/style.css
== Change (#<Set: {:source, :no_frontmatter}>): themes/symphony/layouts/_nav.html.haml
== Change (#<Set: {:source, :no_frontmatter}>): themes/symphony/layouts/_footer.html.haml
== Change (#<Set: {:source}>): themes/symphony/javascripts/custom.js
== Change (#<Set: {:source, :no_frontmatter}>): themes/symphony/pages/_slide1.html.haml
== Change (#<Set: {:source, :no_frontmatter}>): themes/symphony/pages/_home.html.haml
== Change (#<Set: {:source, :no_frontmatter}>): themes/symphony/pages/_contact.html.haml
== Change (#<Set: {:source, :no_frontmatter}>): themes/symphony/pages/_slide3.html.haml
== Change (#<Set: {:source, :no_frontmatter}>): themes/symphony/pages/_reason.html.haml
== Change (#<Set: {:source, :no_frontmatter}>): themes/symphony/pages/_slide2.html.haml
== Change (#<Set: {:source}>): themes/symphony/stylesheets/style.css
== Change (#<Set: {:source}>): themes/draftr/images/wallpap.jpeg
== Change (#<Set: {:source, :no_frontmatter}>): themes/draftr/layouts/_nav.html.haml
== Change (#<Set: {:source, :no_frontmatter}>): themes/draftr/layouts/_footer.html.haml
== Change (#<Set: {:source}>): themes/draftr/javascripts/custom.js
== Change (#<Set: {:source, :no_frontmatter}>): themes/draftr/pages/_tech.html.haml
== Change (#<Set: {:source, :no_frontmatter}>): themes/draftr/pages/_services.html.haml
== Change (#<Set: {:source, :no_frontmatter}>): themes/draftr/pages/_home.html.haml
== Change (#<Set: {:source, :no_frontmatter}>): themes/draftr/pages/_contact.html.haml
== Change (#<Set: {:source, :no_frontmatter}>): themes/draftr/pages/_reason.html.haml
== Change (#<Set: {:source}>): themes/draftr/stylesheets/style.css
== Change (#<Set: {:source, :no_frontmatter}>): themes/congen/layouts/_nav.html.haml
== Change (#<Set: {:source, :no_frontmatter}>): themes/congen/layouts/_footer.html.haml
== Change (#<Set: {:source}>): themes/congen/javascripts/custom.js
== Change (#<Set: {:source, :no_frontmatter}>): themes/congen/pages/_tech.html.haml
== Change (#<Set: {:source, :no_frontmatter}>): themes/congen/pages/_services.html.haml
== Change (#<Set: {:source, :no_frontmatter}>): themes/congen/pages/_feature.html.haml
== Change (#<Set: {:source, :no_frontmatter}>): themes/congen/pages/_home.html.haml
== Change (#<Set: {:source, :no_frontmatter}>): themes/congen/pages/_contact.html.haml
== Change (#<Set: {:source, :no_frontmatter}>): themes/congen/pages/_reason.html.haml
== Change (#<Set: {:source}>): themes/congen/stylesheets/style.css
== Change (#<Set: {:source}>): stylesheets/bootstrap.min.css
== Change (#<Set: {:source}>): stylesheets/javascript.fullPage.css
== Change (#<Set: {:source}>): stylesheets/animate.min.css
== Rebuilding resource list
== Requesting resource list rebuilding: touched_file
== Requesting resource list rebuilding: registered_new_manipulator_front_matter
== Requesting resource list rebuilding: registered_new_manipulator_sitemap_ondisk
== Requesting resource list rebuilding: registered_new_manipulator_sitemap_import
== Requesting resource list rebuilding: registered_new_manipulator_sitemap_endpoint
== Requesting resource list rebuilding: registered_new_manipulator_sitemap_proxies
== Requesting resource list rebuilding: registered_new_manipulator_sitemap_redirects
== Requesting resource list rebuilding: registered_new_manipulator_sitemap_move_files
== Requesting resource list rebuilding: registered_new_manipulator_sitemap_ignore
== Requesting resource list rebuilding: registered_new_manipulator_routing
== Requesting resource list rebuilding: registered_new_manipulator_routing
== Requesting resource list rebuilding: registered_new_manipulator_collections
== Rebuilding resource list
== Running manipulator: sitemap_ondisk (0)
== Running manipulator: sitemap_endpoint (0)
== Running manipulator: sitemap_proxies (0)
== Running manipulator: sitemap_redirects (0)
== Running manipulator: sitemap_ignore (0)
== Running manipulator: sitemap_import (1)
== Running manipulator: routing (10)
== Running manipulator: front_matter (20)
== Running manipulator: sitemap_move_files (101)
== Running manipulator: collections (110)
== Running manipulator: routing (130)
== Prerendering CSS
== Request: /stylesheets/javascript.fullPage.css
== Finishing Request: stylesheets/javascript.fullPage.css (0.0s)
== Request: /themes/codemismatch/stylesheets/style.css
== Finishing Request: themes/codemismatch/stylesheets/style.css (0.0s)
== Request: /stylesheets/animate.min.css
== Finishing Request: stylesheets/animate.min.css (0.0s)
== Request: /stylesheets/bootstrap.min.css
== Finishing Request: stylesheets/bootstrap.min.css (0.0s)
== Request: /themes/congen/stylesheets/style.css
== Finishing Request: themes/congen/stylesheets/style.css (0.0s)
== Request: /themes/draftr/stylesheets/style.css
== Finishing Request: themes/draftr/stylesheets/style.css (0.0s)
== Request: /themes/symphony/stylesheets/style.css
== Finishing Request: themes/symphony/stylesheets/style.css (0.0s)
   identical  build/stylesheets/javascript.fullPage.css
   identical  build/themes/codemismatch/stylesheets/style.css
   identical  build/themes/draftr/stylesheets/style.css
   identical  build/themes/symphony/stylesheets/style.css
   identical  build/themes/congen/stylesheets/style.css
   identical  build/stylesheets/animate.min.css
   identical  build/stylesheets/bootstrap.min.css
== Building files
   identical  build/images/js.png
   identical  build/images/golang.png
   identical  build/images/js1.png
   identical  build/images/logo.png
   identical  build/images/clojure.png
   identical  build/images/draftr/showcase.png
   identical  build/images/draftr/feature2.png
   identical  build/images/rails.png
   identical  build/images/nodejs.png
   identical  build/images/congen/contentin-plan.png
   identical  build/images/draftr/feature3.png
   identical  build/images/draftr/favicon.png
   identical  build/images/draftr/hero3.png
   identical  build/images/draftr/feature4.png
   identical  build/images/congen/contentin-write.png
   identical  build/images/congen/pilar.jpg
   identical  build/images/congen/ralf-gabler.jpg
   identical  build/images/congen/jannik-lindner.jpg
   identical  build/images/mismatch.ico
   identical  build/fonts/Intro.otf
   identical  build/images/draftr/hero2.jpg
   identical  build/images/draftr/hero1.jpg
   identical  build/images/draftr/feature1.png
   identical  build/fonts/avenir-lt.ttf
   identical  build/themes/draftr/images/wallpap.jpeg
   identical  build/images/wallpap.jpeg
== Request: /themes/codemismatch/javascripts/main.js
== Finishing Request: themes/codemismatch/javascripts/main.js (0.0s)
   identical  build/themes/codemismatch/javascripts/main.js
== Request: /images/congen/logo.svg
== Finishing Request: images/congen/logo.svg (0.0s)
   identical  build/images/congen/logo.svg
== Request: /javascripts/bootstrap.min.js
== Finishing Request: javascripts/bootstrap.min.js (0.0s)
   identical  build/javascripts/bootstrap.min.js
== Request: /images/draftr/logo.svg
== Finishing Request: images/draftr/logo.svg (0.0s)
   identical  build/images/draftr/logo.svg
== Request: /javascripts/javascript.fullPage.min.js
== Finishing Request: javascripts/javascript.fullPage.min.js (0.0s)
   identical  build/javascripts/javascript.fullPage.min.js
== Request: /images/.keep
== Finishing Request: images/.keep (0.0s)
   identical  build/images/.keep
== Request: /pages/google69818aa568821ebc.html
== Finishing Request: pages/google69818aa568821ebc.html (0.0s)
   identical  build/pages/google69818aa568821ebc.html
== Request: /themes/congen/javascripts/custom.js
== Finishing Request: themes/congen/javascripts/custom.js (0.0s)
== Request: /themes/symphony/javascripts/custom.js
== Finishing Request: themes/symphony/javascripts/custom.js (0.0s)
== Request: /themes/draftr/javascripts/custom.js
== Finishing Request: themes/draftr/javascripts/custom.js (0.0s)
== Request: /javascripts/sine-waves.min.js
== Finishing Request: javascripts/sine-waves.min.js (0.0s)
   identical  build/javascripts/sine-waves.min.js
== Request: /themes/codemismatch/javascripts/custom.js
== Finishing Request: themes/codemismatch/javascripts/custom.js (0.0s)
== Request: /index.html
== Finishing Request: index.html (0.01s)
   identical  build/index.html
== Request: /themes/codemismatch/README
== Finishing Request: themes/codemismatch/README (0.03s)
   identical  build/themes/codemismatch/README
       error  build/themes/codemismatch/javascripts/custom.js
Unexpected token: punc (.)
--
[36m 117[0m     'work': ['section-work'],
[36m 118[0m     'contact': ['section-contact'],
[36m 119[0m     'architect': ['section-architect'],
[36m 120[0m     'open_source': ['section-placeholder'],
[36m 121[0m     'blog': ['section-placeholder']
[36m 122[0m   };
[36m 123[0m 
[36m 124[0m   const sections = sectionMap[pageId] || [];
[91m  => [0m  sections.forEach(id => document.getElementById(id)?[91m.classList.add('active'));[0m
[36m 126[0m 
[36m 127[0m   // Update placeholder title
[36m 128[0m   if (pageId === 'open_source') {
[36m 129[0m     const title = document.getElementById('placeholder-title');
[36m 130[0m     if (title) title.innerText = "Open Source Initiatives";
[36m 131[0m   } else if (pageId === 'blog') {
[36m 132[0m     const title = document.getElementById('placeholder-title');
[36m 133[0m     if (title) title.innerText = "Engineering Blog";
==
/Users/pankajdoharey/.rbenv/versions/3.4.1/lib/ruby/gems/3.4.0/gems/uglifier-4.2.1/lib/uglifier.rb:291:in 'Uglifier#parse_result'
/Users/pankajdoharey/.rbenv/versions/3.4.1/lib/ruby/gems/3.4.0/gems/uglifier-4.2.1/lib/uglifier.rb:221:in 'Uglifier#run_uglifyjs'
/Users/pankajdoharey/.rbenv/versions/3.4.1/lib/ruby/gems/3.4.0/gems/uglifier-4.2.1/lib/uglifier.rb:166:in 'Uglifier#compile'
/Users/pankajdoharey/.rbenv/versions/3.4.1/lib/ruby/gems/3.4.0/gems/middleman-core-4.6.2/lib/middleman-core/extensions/minify_javascript.rb:104:in 'Middleman::Extensions::MinifyJavascript::Rack#minify'
/Users/pankajdoharey/.rbenv/versions/3.4.1/lib/ruby/gems/3.4.0/gems/memoist-0.16.2/lib/memoist.rb:213:in 'Middleman::Extensions::MinifyJavascript::Rack#minify'
/Users/pankajdoharey/.rbenv/versions/3.4.1/lib/ruby/gems/3.4.0/gems/middleman-core-4.6.2/lib/middleman-core/extensions/minify_javascript.rb:63:in 'Middleman::Extensions::MinifyJavascript::Rack#call'
/Users/pankajdoharey/.rbenv/versions/3.4.1/lib/ruby/gems/3.4.0/gems/middleman-core-4.6.2/lib/middleman-core/extensions/minify_css.rb:65:in 'Middleman::Extensions::MinifyCss::Rack#call'
/Users/pankajdoharey/.rbenv/versions/3.4.1/lib/ruby/gems/3.4.0/gems/htmlcompressor-0.2.0/lib/htmlcompressor/rack.rb:36:in 'HtmlCompressor::Rack#call'
/Users/pankajdoharey/.rbenv/versions/3.4.1/lib/ruby/gems/3.4.0/gems/middleman-autoprefixer-3.0.0/lib/middleman-autoprefixer/extension.rb:55:in 'Middleman::Autoprefixer::Extension::Rack#call'
/Users/pankajdoharey/.rbenv/versions/3.4.1/lib/ruby/gems/3.4.0/gems/rack-3.1.18/lib/rack/head.rb:15:in 'Rack::Head#call'
/Users/pankajdoharey/.rbenv/versions/3.4.1/lib/ruby/gems/3.4.0/gems/rack-3.1.18/lib/rack/lint.rb:66:in 'Rack::Lint::Wrapper#response'
/Users/pankajdoharey/.rbenv/versions/3.4.1/lib/ruby/gems/3.4.0/gems/rack-3.1.18/lib/rack/lint.rb:41:in 'Rack::Lint#call'
/Users/pankajdoharey/.rbenv/versions/3.4.1/lib/ruby/gems/3.4.0/gems/rack-3.1.18/lib/rack/builder.rb:277:in 'Rack::Builder#call'
/Users/pankajdoharey/.rbenv/versions/3.4.1/lib/ruby/gems/3.4.0/gems/rack-3.1.18/lib/rack/mock_request.rb:76:in 'Rack::MockRequest#request'
/Users/pankajdoharey/.rbenv/versions/3.4.1/lib/ruby/gems/3.4.0/gems/rack-3.1.18/lib/rack/mock_request.rb:49:in 'Rack::MockRequest#get'
/Users/pankajdoharey/.rbenv/versions/3.4.1/lib/ruby/gems/3.4.0/gems/middleman-core-4.6.2/lib/middleman-core/builder.rb:233:in 'block in Middleman::Builder#output_resource'
/Users/pankajdoharey/.rbenv/versions/3.4.1/lib/ruby/gems/3.4.0/gems/activesupport-8.1.1/lib/active_support/notifications.rb:212:in 'ActiveSupport::Notifications.instrument'
/Users/pankajdoharey/.rbenv/versions/3.4.1/lib/ruby/gems/3.4.0/gems/middleman-core-4.6.2/lib/middleman-core/util.rb:26:in 'Middleman::Util.instrument'
/Users/pankajdoharey/.rbenv/versions/3.4.1/lib/ruby/gems/3.4.0/gems/middleman-core-4.6.2/lib/middleman-core/builder.rb:226:in 'Middleman::Builder#output_resource'
/Users/pankajdoharey/.rbenv/versions/3.4.1/lib/ruby/gems/3.4.0/gems/contracts-0.17.2/lib/contracts/method_reference.rb:45:in 'Contracts::MethodReference#send_to'
/Users/pankajdoharey/.rbenv/versions/3.4.1/lib/ruby/gems/3.4.0/gems/contracts-0.17.2/lib/contracts/call_with.rb:107:in 'Contracts::CallWith#call_with_inner'
/Users/pankajdoharey/.rbenv/versions/3.4.1/lib/ruby/gems/3.4.0/gems/contracts-0.17.2/lib/contracts/method_handler.rb:137:in 'block (2 levels) in Middleman::Builder#redefine_method'
/Users/pankajdoharey/.rbenv/versions/3.4.1/lib/ruby/gems/3.4.0/gems/contracts-0.17.2/lib/contracts/method_handler.rb:136:in 'Array#each'
/Users/pankajdoharey/.rbenv/versions/3.4.1/lib/ruby/gems/3.4.0/gems/contracts-0.17.2/lib/contracts/method_handler.rb:136:in 'block in Middleman::Builder#redefine_method'
/Users/pankajdoharey/.rbenv/versions/3.4.1/lib/ruby/gems/3.4.0/gems/parallel-1.27.0/lib/parallel.rb:650:in 'Parallel.call_with_index'
/Users/pankajdoharey/.rbenv/versions/3.4.1/lib/ruby/gems/3.4.0/gems/parallel-1.27.0/lib/parallel.rb:620:in 'Parallel.process_incoming_jobs'
/Users/pankajdoharey/.rbenv/versions/3.4.1/lib/ruby/gems/3.4.0/gems/parallel-1.27.0/lib/parallel.rb:600:in 'block in Parallel.worker'
/Users/pankajdoharey/.rbenv/versions/3.4.1/lib/ruby/gems/3.4.0/gems/parallel-1.27.0/lib/parallel.rb:591:in 'Process.fork'
/Users/pankajdoharey/.rbenv/versions/3.4.1/lib/ruby/gems/3.4.0/gems/parallel-1.27.0/lib/parallel.rb:591:in 'Parallel.worker'
/Users/pankajdoharey/.rbenv/versions/3.4.1/lib/ruby/gems/3.4.0/gems/parallel-1.27.0/lib/parallel.rb:582:in 'block in Parallel.create_workers'
/Users/pankajdoharey/.rbenv/versions/3.4.1/lib/ruby/gems/3.4.0/gems/parallel-1.27.0/lib/parallel.rb:581:in 'Array#each'
/Users/pankajdoharey/.rbenv/versions/3.4.1/lib/ruby/gems/3.4.0/gems/parallel-1.27.0/lib/parallel.rb:581:in 'Enumerable#each_with_index'
/Users/pankajdoharey/.rbenv/versions/3.4.1/lib/ruby/gems/3.4.0/gems/parallel-1.27.0/lib/parallel.rb:581:in 'Parallel.create_workers'
/Users/pankajdoharey/.rbenv/versions/3.4.1/lib/ruby/gems/3.4.0/gems/parallel-1.27.0/lib/parallel.rb:520:in 'Parallel.work_in_processes'
/Users/pankajdoharey/.rbenv/versions/3.4.1/lib/ruby/gems/3.4.0/gems/parallel-1.27.0/lib/parallel.rb:291:in 'Parallel.map'
/Users/pankajdoharey/.rbenv/versions/3.4.1/lib/ruby/gems/3.4.0/gems/middleman-core-4.6.2/lib/middleman-core/builder.rb:138:in 'Middleman::Builder#output_resources'
/Users/pankajdoharey/.rbenv/versions/3.4.1/lib/ruby/gems/3.4.0/gems/contracts-0.17.2/lib/contracts/method_reference.rb:45:in 'Contracts::MethodReference#send_to'
/Users/pankajdoharey/.rbenv/versions/3.4.1/lib/ruby/gems/3.4.0/gems/contracts-0.17.2/lib/contracts/call_with.rb:107:in 'Contracts::CallWith#call_with_inner'
/Users/pankajdoharey/.rbenv/versions/3.4.1/lib/ruby/gems/3.4.0/gems/contracts-0.17.2/lib/contracts/method_handler.rb:137:in 'block (2 levels) in Middleman::Builder#redefine_method'
/Users/pankajdoharey/.rbenv/versions/3.4.1/lib/ruby/gems/3.4.0/gems/contracts-0.17.2/lib/contracts/method_handler.rb:136:in 'Array#each'
/Users/pankajdoharey/.rbenv/versions/3.4.1/lib/ruby/gems/3.4.0/gems/contracts-0.17.2/lib/contracts/method_handler.rb:136:in 'block in Middleman::Builder#redefine_method'
/Users/pankajdoharey/.rbenv/versions/3.4.1/lib/ruby/gems/3.4.0/gems/middleman-core-4.6.2/lib/middleman-core/builder.rb:132:in 'Middleman::Builder#output_files'
/Users/pankajdoharey/.rbenv/versions/3.4.1/lib/ruby/gems/3.4.0/gems/contracts-0.17.2/lib/contracts/method_reference.rb:45:in 'Contracts::MethodReference#send_to'
/Users/pankajdoharey/.rbenv/versions/3.4.1/lib/ruby/gems/3.4.0/gems/contracts-0.17.2/lib/contracts/call_with.rb:107:in 'Contracts::CallWith#call_with_inner'
/Users/pankajdoharey/.rbenv/versions/3.4.1/lib/ruby/gems/3.4.0/gems/contracts-0.17.2/lib/contracts/method_handler.rb:137:in 'block (2 levels) in Middleman::Builder#redefine_method'
/Users/pankajdoharey/.rbenv/versions/3.4.1/lib/ruby/gems/3.4.0/gems/contracts-0.17.2/lib/contracts/method_handler.rb:136:in 'Array#each'
/Users/pankajdoharey/.rbenv/versions/3.4.1/lib/ruby/gems/3.4.0/gems/contracts-0.17.2/lib/contracts/method_handler.rb:136:in 'block in Middleman::Builder#redefine_method'
/Users/pankajdoharey/.rbenv/versions/3.4.1/lib/ruby/gems/3.4.0/gems/middleman-core-4.6.2/lib/middleman-core/builder.rb:72:in 'block in Middleman::Builder#run!'
/Users/pankajdoharey/.rbenv/versions/3.4.1/lib/ruby/gems/3.4.0/gems/activesupport-8.1.1/lib/active_support/notifications.rb:212:in 'ActiveSupport::Notifications.instrument'
/Users/pankajdoharey/.rbenv/versions/3.4.1/lib/ruby/gems/3.4.0/gems/middleman-core-4.6.2/lib/middleman-core/util.rb:26:in 'Middleman::Util.instrument'
/Users/pankajdoharey/.rbenv/versions/3.4.1/lib/ruby/gems/3.4.0/gems/middleman-core-4.6.2/lib/middleman-core/builder.rb:71:in 'Middleman::Builder#run!'
/Users/pankajdoharey/.rbenv/versions/3.4.1/lib/ruby/gems/3.4.0/gems/contracts-0.17.2/lib/contracts/method_reference.rb:45:in 'Contracts::MethodReference#send_to'
/Users/pankajdoharey/.rbenv/versions/3.4.1/lib/ruby/gems/3.4.0/gems/contracts-0.17.2/lib/contracts/call_with.rb:107:in 'Contracts::CallWith#call_with_inner'
/Users/pankajdoharey/.rbenv/versions/3.4.1/lib/ruby/gems/3.4.0/gems/contracts-0.17.2/lib/contracts/method_handler.rb:137:in 'block (2 levels) in Middleman::Builder#redefine_method'
/Users/pankajdoharey/.rbenv/versions/3.4.1/lib/ruby/gems/3.4.0/gems/contracts-0.17.2/lib/contracts/method_handler.rb:136:in 'Array#each'
/Users/pankajdoharey/.rbenv/versions/3.4.1/lib/ruby/gems/3.4.0/gems/contracts-0.17.2/lib/contracts/method_handler.rb:136:in 'block in Middleman::Builder#redefine_method'
/Users/pankajdoharey/.rbenv/versions/3.4.1/lib/ruby/gems/3.4.0/gems/middleman-cli-4.6.2/lib/middleman-cli/build.rb:84:in 'block in Middleman::Cli::Build#build'
/Users/pankajdoharey/.rbenv/versions/3.4.1/lib/ruby/gems/3.4.0/gems/activesupport-8.1.1/lib/active_support/notifications.rb:212:in 'ActiveSupport::Notifications.instrument'
/Users/pankajdoharey/.rbenv/versions/3.4.1/lib/ruby/gems/3.4.0/gems/middleman-core-4.6.2/lib/middleman-core/util.rb:26:in 'Middleman::Util.instrument'
/Users/pankajdoharey/.rbenv/versions/3.4.1/lib/ruby/gems/3.4.0/gems/middleman-cli-4.6.2/lib/middleman-cli/build.rb:83:in 'Middleman::Cli::Build#build'
/Users/pankajdoharey/.rbenv/versions/3.4.1/lib/ruby/gems/3.4.0/gems/thor-1.4.0/lib/thor/command.rb:28:in 'Thor::Command#run'
/Users/pankajdoharey/.rbenv/versions/3.4.1/lib/ruby/gems/3.4.0/gems/thor-1.4.0/lib/thor/invocation.rb:127:in 'Thor::Invocation#invoke_command'
/Users/pankajdoharey/.rbenv/versions/3.4.1/lib/ruby/gems/3.4.0/gems/thor-1.4.0/lib/thor/invocation.rb:134:in 'block in Thor::Invocation#invoke_all'
/Users/pankajdoharey/.rbenv/versions/3.4.1/lib/ruby/gems/3.4.0/gems/thor-1.4.0/lib/thor/invocation.rb:134:in 'Hash#each'
/Users/pankajdoharey/.rbenv/versions/3.4.1/lib/ruby/gems/3.4.0/gems/thor-1.4.0/lib/thor/invocation.rb:134:in 'Enumerable#map'
/Users/pankajdoharey/.rbenv/versions/3.4.1/lib/ruby/gems/3.4.0/gems/thor-1.4.0/lib/thor/invocation.rb:134:in 'Thor::Invocation#invoke_all'
/Users/pankajdoharey/.rbenv/versions/3.4.1/lib/ruby/gems/3.4.0/gems/thor-1.4.0/lib/thor/group.rb:243:in 'Thor::Group.dispatch'
/Users/pankajdoharey/.rbenv/versions/3.4.1/lib/ruby/gems/3.4.0/gems/thor-1.4.0/lib/thor/invocation.rb:116:in 'Thor::Invocation#invoke'
/Users/pankajdoharey/.rbenv/versions/3.4.1/lib/ruby/gems/3.4.0/gems/thor-1.4.0/lib/thor.rb:40:in 'block in Middleman::Cli::Base#register'
/Users/pankajdoharey/.rbenv/versions/3.4.1/lib/ruby/gems/3.4.0/gems/thor-1.4.0/lib/thor/command.rb:28:in 'Thor::Command#run'
/Users/pankajdoharey/.rbenv/versions/3.4.1/lib/ruby/gems/3.4.0/gems/thor-1.4.0/lib/thor/invocation.rb:127:in 'Thor::Invocation#invoke_command'
/Users/pankajdoharey/.rbenv/versions/3.4.1/lib/ruby/gems/3.4.0/gems/thor-1.4.0/lib/thor.rb:538:in 'Thor.dispatch'
/Users/pankajdoharey/.rbenv/versions/3.4.1/lib/ruby/gems/3.4.0/gems/thor-1.4.0/lib/thor/base.rb:584:in 'Thor::Base::ClassMethods#start'
/Users/pankajdoharey/.rbenv/versions/3.4.1/lib/ruby/gems/3.4.0/gems/middleman-cli-4.6.2/bin/middleman:70:in '<top (required)>'
/Users/pankajdoharey/.rbenv/versions/3.4.1/lib/ruby/site_ruby/3.4.0/rubygems.rb:319:in 'Kernel#load'
/Users/pankajdoharey/.rbenv/versions/3.4.1/lib/ruby/site_ruby/3.4.0/rubygems.rb:319:in 'Gem.activate_and_load_bin_path'
/Users/pankajdoharey/.rbenv/versions/3.4.1/bin/middleman:25:in '<top (required)>'
/Users/pankajdoharey/.rbenv/versions/3.4.1/lib/ruby/gems/3.4.0/gems/bundler-2.7.2/lib/bundler/cli/exec.rb:59:in 'Kernel.load'
/Users/pankajdoharey/.rbenv/versions/3.4.1/lib/ruby/gems/3.4.0/gems/bundler-2.7.2/lib/bundler/cli/exec.rb:59:in 'Bundler::CLI::Exec#kernel_load'
/Users/pankajdoharey/.rbenv/versions/3.4.1/lib/ruby/gems/3.4.0/gems/bundler-2.7.2/lib/bundler/cli/exec.rb:23:in 'Bundler::CLI::Exec#run'
/Users/pankajdoharey/.rbenv/versions/3.4.1/lib/ruby/gems/3.4.0/gems/bundler-2.7.2/lib/bundler/cli.rb:456:in 'Bundler::CLI#exec'
/Users/pankajdoharey/.rbenv/versions/3.4.1/lib/ruby/gems/3.4.0/gems/bundler-2.7.2/lib/bundler/vendor/thor/lib/thor/command.rb:28:in 'Bundler::Thor::Command#run'
/Users/pankajdoharey/.rbenv/versions/3.4.1/lib/ruby/gems/3.4.0/gems/bundler-2.7.2/lib/bundler/vendor/thor/lib/thor/invocation.rb:127:in 'Bundler::Thor::Invocation#invoke_command'
/Users/pankajdoharey/.rbenv/versions/3.4.1/lib/ruby/gems/3.4.0/gems/bundler-2.7.2/lib/bundler/vendor/thor/lib/thor.rb:538:in 'Bundler::Thor.dispatch'
/Users/pankajdoharey/.rbenv/versions/3.4.1/lib/ruby/gems/3.4.0/gems/bundler-2.7.2/lib/bundler/cli.rb:35:in 'Bundler::CLI.dispatch'
/Users/pankajdoharey/.rbenv/versions/3.4.1/lib/ruby/gems/3.4.0/gems/bundler-2.7.2/lib/bundler/vendor/thor/lib/thor/base.rb:584:in 'Bundler::Thor::Base::ClassMethods#start'
/Users/pankajdoharey/.rbenv/versions/3.4.1/lib/ruby/gems/3.4.0/gems/bundler-2.7.2/lib/bundler/cli.rb:29:in 'Bundler::CLI.start'
/Users/pankajdoharey/.rbenv/versions/3.4.1/lib/ruby/gems/3.4.0/gems/bundler-2.7.2/exe/bundle:28:in 'block in <top (required)>'
/Users/pankajdoharey/.rbenv/versions/3.4.1/lib/ruby/gems/3.4.0/gems/bundler-2.7.2/lib/bundler/friendly_errors.rb:118:in 'Bundler.with_friendly_errors'
/Users/pankajdoharey/.rbenv/versions/3.4.1/lib/ruby/gems/3.4.0/gems/bundler-2.7.2/exe/bundle:20:in '<top (required)>'
/Users/pankajdoharey/.rbenv/versions/3.4.1/lib/ruby/site_ruby/3.4.0/rubygems.rb:319:in 'Kernel#load'
/Users/pankajdoharey/.rbenv/versions/3.4.1/lib/ruby/site_ruby/3.4.0/rubygems.rb:319:in 'Gem.activate_and_load_bin_path'
/Users/pankajdoharey/.rbenv/versions/3.4.1/bin/bundle:25:in '<main>'
   identical  build/themes/congen/javascripts/custom.js
   identical  build/themes/draftr/javascripts/custom.js
   identical  build/themes/symphony/javascripts/custom.js
There were errors during this build
